# JRE version: Java(TM) SE Runtime Environment (8.0_25-b17) (build 1.8.0_25-b17)
# Java VM: Java HotSpot(TM) 64-Bit Server VM (25.25-b02 mixed mode bsd-amd64 compressed oops)
Heap:
 PSYoungGen      total 27648K, used 25779K [0x00000007b5580000, 0x00000007b7680000, 0x00000007c0000000)
  eden space 25600K, 93% used [0x00000007b5580000,0x00000007b6ce0d18,0x00000007b6e80000)
  from space 2048K, 89% used [0x00000007b6f00000,0x00000007b70cc010,0x00000007b7100000)
  to   space 4096K, 0% used [0x00000007b7280000,0x00000007b7280000,0x00000007b7680000)
 ParOldGen       total 111104K, used 80243K [0x00000007a0000000, 0x00000007a6c80000, 0x00000007b5580000)
  object space 111104K, 72% used [0x00000007a0000000,0x00000007a4e5cf90,0x00000007a6c80000)
 Metaspace       used 112496K, capacity 120820K, committed 120960K, reserved 1155072K
  class space    used 12989K, capacity 15445K, committed 15488K, reserved 1048576K
GC Heap History (10 events):
Event: 27130.170 GC heap before
{Heap before GC invocations=638 (full 179):
 PSYoungGen      total 32768K, used 30112K [0x00000007b5580000, 0x00000007b7b00000, 0x00000007c0000000)
  eden space 28160K, 100% used [0x00000007b5580000,0x00000007b7100000,0x00000007b7100000)
  from space 4608K, 42% used [0x00000007b7680000,0x00000007b78680c0,0x00000007b7b00000)
  to   space 5120K, 0% used [0x00000007b7100000,0x00000007b7100000,0x00000007b7600000)
 ParOldGen       total 111104K, used 79823K [0x00000007a0000000, 0x00000007a6c80000, 0x00000007b5580000)
  object space 111104K, 71% used [0x00000007a0000000,0x00000007a4df3ea8,0x00000007a6c80000)
 Metaspace       used 112485K, capacity 120750K, committed 120960K, reserved 1155072K
  class space    used 12989K, capacity 15444K, committed 15488K, reserved 1048576K
Event: 27130.173 GC heap after
Heap after GC invocations=638 (full 179):
 PSYoungGen      total 29696K, used 1840K [0x00000007b5580000, 0x00000007b7980000, 0x00000007c0000000)
  eden space 27648K, 0% used [0x00000007b5580000,0x00000007b5580000,0x00000007b7080000)
  from space 2048K, 89% used [0x00000007b7100000,0x00000007b72cc0b0,0x00000007b7300000)
  to   space 4608K, 0% used [0x00000007b7500000,0x00000007b7500000,0x00000007b7980000)
 ParOldGen       total 111104K, used 79927K [0x00000007a0000000, 0x00000007a6c80000, 0x00000007b5580000)
  object space 111104K, 71% used [0x00000007a0000000,0x00000007a4e0dea8,0x00000007a6c80000)
 Metaspace       used 112485K, capacity 120750K, committed 120960K, reserved 1155072K
  class space    used 12989K, capacity 15444K, committed 15488K, reserved 1048576K
}
Event: 27237.355 GC heap before
{Heap before GC invocations=639 (full 179):
 PSYoungGen      total 29696K, used 29488K [0x00000007b5580000, 0x00000007b7980000, 0x00000007c0000000)
  eden space 27648K, 100% used [0x00000007b5580000,0x00000007b7080000,0x00000007b7080000)
  from space 2048K, 89% used [0x00000007b7100000,0x00000007b72cc0b0,0x00000007b7300000)
  to   space 4608K, 0% used [0x00000007b7500000,0x00000007b7500000,0x00000007b7980000)
 ParOldGen       total 111104K, used 79927K [0x00000007a0000000, 0x00000007a6c80000, 0x00000007b5580000)
  object space 111104K, 71% used [0x00000007a0000000,0x00000007a4e0dea8,0x00000007a6c80000)
 Metaspace       used 112486K, capacity 120750K, committed 120960K, reserved 1155072K
  class space    used 12989K, capacity 15444K, committed 15488K, reserved 1048576K
Event: 27237.359 GC heap after
Heap after GC invocations=639 (full 179):
 PSYoungGen      total 31232K, used 1808K [0x00000007b5580000, 0x00000007b7900000, 0x00000007c0000000)
  eden space 27136K, 0% used [0x00000007b5580000,0x00000007b5580000,0x00000007b7000000)
  from space 4096K, 44% used [0x00000007b7500000,0x00000007b76c4010,0x00000007b7900000)
  to   space 4608K, 0% used [0x00000007b7000000,0x00000007b7000000,0x00000007b7480000)
 ParOldGen       total 111104K, used 80109K [0x00000007a0000000, 0x00000007a6c80000, 0x00000007b5580000)
  object space 111104K, 72% used [0x00000007a0000000,0x00000007a4e3b758,0x00000007a6c80000)
 Metaspace       used 112486K, capacity 120750K, committed 120960K, reserved 1155072K
  class space    used 12989K, capacity 15444K, committed 15488K, reserved 1048576K
}
Event: 27364.181 GC heap before
{Heap before GC invocations=640 (full 179):
 PSYoungGen      total 31232K, used 28944K [0x00000007b5580000, 0x00000007b7900000, 0x00000007c0000000)
  eden space 27136K, 100% used [0x00000007b5580000,0x00000007b7000000,0x00000007b7000000)
  from space 4096K, 44% used [0x00000007b7500000,0x00000007b76c4010,0x00000007b7900000)
  to   space 4608K, 0% used [0x00000007b7000000,0x00000007b7000000,0x00000007b7480000)
 ParOldGen       total 111104K, used 80109K [0x00000007a0000000, 0x00000007a6c80000, 0x00000007b5580000)
  object space 111104K, 72% used [0x00000007a0000000,0x00000007a4e3b758,0x00000007a6c80000)
 Metaspace       used 112486K, capacity 120750K, committed 120960K, reserved 1155072K
  class space    used 12989K, capacity 15444K, committed 15488K, reserved 1048576K
Event: 27364.184 GC heap after
Heap after GC invocations=640 (full 179):
 PSYoungGen      total 28672K, used 1696K [0x00000007b5580000, 0x00000007b7880000, 0x00000007c0000000)
  eden space 26624K, 0% used [0x00000007b5580000,0x00000007b5580000,0x00000007b6f80000)
  from space 2048K, 82% used [0x00000007b7000000,0x00000007b71a8020,0x00000007b7200000)
  to   space 4608K, 0% used [0x00000007b7400000,0x00000007b7400000,0x00000007b7880000)
 ParOldGen       total 111104K, used 80157K [0x00000007a0000000, 0x00000007a6c80000, 0x00000007b5580000)
  object space 111104K, 72% used [0x00000007a0000000,0x00000007a4e47758,0x00000007a6c80000)
 Metaspace       used 112486K, capacity 120750K, committed 120960K, reserved 1155072K
  class space    used 12989K, capacity 15444K, committed 15488K, reserved 1048576K
}
Event: 27473.046 GC heap before
{Heap before GC invocations=641 (full 179):
 PSYoungGen      total 28672K, used 28320K [0x00000007b5580000, 0x00000007b7880000, 0x00000007c0000000)
  eden space 26624K, 100% used [0x00000007b5580000,0x00000007b6f80000,0x00000007b6f80000)
  from space 2048K, 82% used [0x00000007b7000000,0x00000007b71a8020,0x00000007b7200000)
  to   space 4608K, 0% used [0x00000007b7400000,0x00000007b7400000,0x00000007b7880000)
 ParOldGen       total 111104K, used 80157K [0x00000007a0000000, 0x00000007a6c80000, 0x00000007b5580000)
  object space 111104K, 72% used [0x00000007a0000000,0x00000007a4e47758,0x00000007a6c80000)
 Metaspace       used 112486K, capacity 120750K, committed 120960K, reserved 1155072K
  class space    used 12989K, capacity 15444K, committed 15488K, reserved 1048576K
Event: 27473.050 GC heap after
Heap after GC invocations=641 (full 179):
 PSYoungGen      total 30208K, used 1712K [0x00000007b5580000, 0x00000007b7800000, 0x00000007c0000000)
  eden space 26112K, 0% used [0x00000007b5580000,0x00000007b5580000,0x00000007b6f00000)
  from space 4096K, 41% used [0x00000007b7400000,0x00000007b75ac010,0x00000007b7800000)
  to   space 4608K, 0% used [0x00000007b6f00000,0x00000007b6f00000,0x00000007b7380000)
 ParOldGen       total 111104K, used 80195K [0x00000007a0000000, 0x00000007a6c80000, 0x00000007b5580000)
  object space 111104K, 72% used [0x00000007a0000000,0x00000007a4e50f90,0x00000007a6c80000)
 Metaspace       used 112486K, capacity 120750K, committed 120960K, reserved 1155072K
  class space    used 12989K, capacity 15444K, committed 15488K, reserved 1048576K
}
Event: 27570.503 GC heap before
{Heap before GC invocations=642 (full 179):
 PSYoungGen      total 30208K, used 27824K [0x00000007b5580000, 0x00000007b7800000, 0x00000007c0000000)
  eden space 26112K, 100% used [0x00000007b5580000,0x00000007b6f00000,0x00000007b6f00000)
  from space 4096K, 41% used [0x00000007b7400000,0x00000007b75ac010,0x00000007b7800000)
  to   space 4608K, 0% used [0x00000007b6f00000,0x00000007b6f00000,0x00000007b7380000)
 ParOldGen       total 111104K, used 80195K [0x00000007a0000000, 0x00000007a6c80000, 0x00000007b5580000)
  object space 111104K, 72% used [0x00000007a0000000,0x00000007a4e50f90,0x00000007a6c80000)
 Metaspace       used 112492K, capacity 120756K, committed 120960K, reserved 1155072K
  class space    used 12989K, capacity 15445K, committed 15488K, reserved 1048576K
Event: 27570.506 GC heap after
Heap after GC invocations=642 (full 179):
 PSYoungGen      total 27648K, used 1840K [0x00000007b5580000, 0x00000007b7680000, 0x00000007c0000000)
  eden space 25600K, 0% used [0x00000007b5580000,0x00000007b5580000,0x00000007b6e80000)
  from space 2048K, 89% used [0x00000007b6f00000,0x00000007b70cc010,0x00000007b7100000)
  to   space 4096K, 0% used [0x00000007b7280000,0x00000007b7280000,0x00000007b7680000)
 ParOldGen       total 111104K, used 80243K [0x00000007a0000000, 0x00000007a6c80000, 0x00000007b5580000)
  object space 111104K, 72% used [0x00000007a0000000,0x00000007a4e5cf90,0x00000007a6c80000)
 Metaspace       used 112492K, capacity 120756K, committed 120960K, reserved 1155072K
  class space    used 12989K, capacity 15445K, committed 15488K, reserved 1048576K
}

