# JRE version: Java(TM) SE Runtime Environment (8.0_25-b17) (build 1.8.0_25-b17)
# Java VM: Java HotSpot(TM) 64-Bit Server VM (25.25-b02 mixed mode bsd-amd64 compressed oops)
Heap:
 PSYoungGen      total 139264K, used 31188K [0x00000007b5580000, 0x00000007bfd00000, 0x00000007c0000000)
  eden space 123392K, 12% used [0x00000007b5580000,0x00000007b64eb480,0x00000007bce00000)
  from space 15872K, 97% used [0x00000007bd380000,0x00000007be289c90,0x00000007be300000)
  to   space 24064K, 0% used [0x00000007be580000,0x00000007be580000,0x00000007bfd00000)
 ParOldGen       total 68608K, used 53510K [0x00000007a0000000, 0x00000007a4300000, 0x00000007b5580000)
  object space 68608K, 77% used [0x00000007a0000000,0x00000007a3441b88,0x00000007a4300000)
 Metaspace       used 92047K, capacity 98570K, committed 98816K, reserved 1134592K
  class space    used 11011K, capacity 13047K, committed 13056K, reserved 1048576K
GC Heap History (10 events):
Event: 6422.711 GC heap before
{Heap before GC invocations=80 (full 33):
 PSYoungGen      total 147968K, used 2464K [0x00000007b5580000, 0x00000007c0000000, 0x00000007c0000000)
  eden space 127488K, 1% used [0x00000007b5580000,0x00000007b57e8258,0x00000007bd200000)
  from space 20480K, 0% used [0x00000007beb00000,0x00000007beb00000,0x00000007bff00000)
  to   space 23552K, 0% used [0x00000007bd200000,0x00000007bd200000,0x00000007be900000)
 ParOldGen       total 68608K, used 53955K [0x00000007a0000000, 0x00000007a4300000, 0x00000007b5580000)
  object space 68608K, 78% used [0x00000007a0000000,0x00000007a34b0e28,0x00000007a4300000)
 Metaspace       used 91413K, capacity 97898K, committed 98048K, reserved 1134592K
  class space    used 11004K, capacity 13040K, committed 13056K, reserved 1048576K
Event: 6422.714 GC heap after
Heap after GC invocations=80 (full 33):
 PSYoungGen      total 151040K, used 128K [0x00000007b5580000, 0x00000007c0000000, 0x00000007c0000000)
  eden space 127488K, 0% used [0x00000007b5580000,0x00000007b5580000,0x00000007bd200000)
  from space 23552K, 0% used [0x00000007bd200000,0x00000007bd220000,0x00000007be900000)
  to   space 23040K, 0% used [0x00000007be980000,0x00000007be980000,0x00000007c0000000)
 ParOldGen       total 68608K, used 53955K [0x00000007a0000000, 0x00000007a4300000, 0x00000007b5580000)
  object space 68608K, 78% used [0x00000007a0000000,0x00000007a34b0e28,0x00000007a4300000)
 Metaspace       used 91413K, capacity 97898K, committed 98048K, reserved 1134592K
  class space    used 11004K, capacity 13040K, committed 13056K, reserved 1048576K
}
Event: 6422.714 GC heap before
{Heap before GC invocations=81 (full 34):
 PSYoungGen      total 151040K, used 128K [0x00000007b5580000, 0x00000007c0000000, 0x00000007c0000000)
  eden space 127488K, 0% used [0x00000007b5580000,0x00000007b5580000,0x00000007bd200000)
  from space 23552K, 0% used [0x00000007bd200000,0x00000007bd220000,0x00000007be900000)
  to   space 23040K, 0% used [0x00000007be980000,0x00000007be980000,0x00000007c0000000)
 ParOldGen       total 68608K, used 53955K [0x00000007a0000000, 0x00000007a4300000, 0x00000007b5580000)
  object space 68608K, 78% used [0x00000007a0000000,0x00000007a34b0e28,0x00000007a4300000)
 Metaspace       used 91413K, capacity 97898K, committed 98048K, reserved 1134592K
  class space    used 11004K, capacity 13040K, committed 13056K, reserved 1048576K
Event: 6422.966 GC heap after
Heap after GC invocations=81 (full 34):
 PSYoungGen      total 151040K, used 0K [0x00000007b5580000, 0x00000007c0000000, 0x00000007c0000000)
  eden space 127488K, 0% used [0x00000007b5580000,0x00000007b5580000,0x00000007bd200000)
  from space 23552K, 0% used [0x00000007bd200000,0x00000007bd200000,0x00000007be900000)
  to   space 23040K, 0% used [0x00000007be980000,0x00000007be980000,0x00000007c0000000)
 ParOldGen       total 68608K, used 53503K [0x00000007a0000000, 0x00000007a4300000, 0x00000007b5580000)
  object space 68608K, 77% used [0x00000007a0000000,0x00000007a343ff98,0x00000007a4300000)
 Metaspace       used 91413K, capacity 97898K, committed 98048K, reserved 1134592K
  class space    used 11004K, capacity 13040K, committed 13056K, reserved 1048576K
}
Event: 6482.714 GC heap before
{Heap before GC invocations=82 (full 34):
 PSYoungGen      total 151040K, used 2316K [0x00000007b5580000, 0x00000007c0000000, 0x00000007c0000000)
  eden space 127488K, 1% used [0x00000007b5580000,0x00000007b57c3288,0x00000007bd200000)
  from space 23552K, 0% used [0x00000007bd200000,0x00000007bd200000,0x00000007be900000)
  to   space 23040K, 0% used [0x00000007be980000,0x00000007be980000,0x00000007c0000000)
 ParOldGen       total 68608K, used 53503K [0x00000007a0000000, 0x00000007a4300000, 0x00000007b5580000)
  object space 68608K, 77% used [0x00000007a0000000,0x00000007a343ff98,0x00000007a4300000)
 Metaspace       used 91413K, capacity 97898K, committed 98048K, reserved 1134592K
  class space    used 11004K, capacity 13040K, committed 13056K, reserved 1048576K
Event: 6482.717 GC heap after
Heap after GC invocations=82 (full 34):
 PSYoungGen      total 152064K, used 96K [0x00000007b5580000, 0x00000007c0000000, 0x00000007c0000000)
  eden space 129024K, 0% used [0x00000007b5580000,0x00000007b5580000,0x00000007bd380000)
  from space 23040K, 0% used [0x00000007be980000,0x00000007be998000,0x00000007c0000000)
  to   space 22528K, 0% used [0x00000007bd380000,0x00000007bd380000,0x00000007be980000)
 ParOldGen       total 68608K, used 53503K [0x00000007a0000000, 0x00000007a4300000, 0x00000007b5580000)
  object space 68608K, 77% used [0x00000007a0000000,0x00000007a343ff98,0x00000007a4300000)
 Metaspace       used 91413K, capacity 97898K, committed 98048K, reserved 1134592K
  class space    used 11004K, capacity 13040K, committed 13056K, reserved 1048576K
}
Event: 6482.717 GC heap before
{Heap before GC invocations=83 (full 35):
 PSYoungGen      total 152064K, used 96K [0x00000007b5580000, 0x00000007c0000000, 0x00000007c0000000)
  eden space 129024K, 0% used [0x00000007b5580000,0x00000007b5580000,0x00000007bd380000)
  from space 23040K, 0% used [0x00000007be980000,0x00000007be998000,0x00000007c0000000)
  to   space 22528K, 0% used [0x00000007bd380000,0x00000007bd380000,0x00000007be980000)
 ParOldGen       total 68608K, used 53503K [0x00000007a0000000, 0x00000007a4300000, 0x00000007b5580000)
  object space 68608K, 77% used [0x00000007a0000000,0x00000007a343ff98,0x00000007a4300000)
 Metaspace       used 91413K, capacity 97898K, committed 98048K, reserved 1134592K
  class space    used 11004K, capacity 13040K, committed 13056K, reserved 1048576K
Event: 6482.870 GC heap after
Heap after GC invocations=83 (full 35):
 PSYoungGen      total 152064K, used 0K [0x00000007b5580000, 0x00000007c0000000, 0x00000007c0000000)
  eden space 129024K, 0% used [0x00000007b5580000,0x00000007b5580000,0x00000007bd380000)
  from space 23040K, 0% used [0x00000007be980000,0x00000007be980000,0x00000007c0000000)
  to   space 22528K, 0% used [0x00000007bd380000,0x00000007bd380000,0x00000007be980000)
 ParOldGen       total 68608K, used 53502K [0x00000007a0000000, 0x00000007a4300000, 0x00000007b5580000)
  object space 68608K, 77% used [0x00000007a0000000,0x00000007a343fb88,0x00000007a4300000)
 Metaspace       used 91413K, capacity 97898K, committed 98048K, reserved 1134592K
  class space    used 11004K, capacity 13040K, committed 13056K, reserved 1048576K
}
Event: 6544.011 GC heap before
{Heap before GC invocations=84 (full 35):
 PSYoungGen      total 152064K, used 129024K [0x00000007b5580000, 0x00000007c0000000, 0x00000007c0000000)
  eden space 129024K, 100% used [0x00000007b5580000,0x00000007bd380000,0x00000007bd380000)
  from space 23040K, 0% used [0x00000007be980000,0x00000007be980000,0x00000007c0000000)
  to   space 22528K, 0% used [0x00000007bd380000,0x00000007bd380000,0x00000007be980000)
 ParOldGen       total 68608K, used 53502K [0x00000007a0000000, 0x00000007a4300000, 0x00000007b5580000)
  object space 68608K, 77% used [0x00000007a0000000,0x00000007a343fb88,0x00000007a4300000)
 Metaspace       used 91959K, capacity 98442K, committed 98560K, reserved 1134592K
  class space    used 11011K, capacity 13047K, committed 13056K, reserved 1048576K
Event: 6544.018 GC heap after
Heap after GC invocations=84 (full 35):
 PSYoungGen      total 139264K, used 15399K [0x00000007b5580000, 0x00000007bfd00000, 0x00000007c0000000)
  eden space 123392K, 0% used [0x00000007b5580000,0x00000007b5580000,0x00000007bce00000)
  from space 15872K, 97% used [0x00000007bd380000,0x00000007be289c90,0x00000007be300000)
  to   space 24064K, 0% used [0x00000007be580000,0x00000007be580000,0x00000007bfd00000)
 ParOldGen       total 68608K, used 53510K [0x00000007a0000000, 0x00000007a4300000, 0x00000007b5580000)
  object space 68608K, 77% used [0x00000007a0000000,0x00000007a3441b88,0x00000007a4300000)
 Metaspace       used 91959K, capacity 98442K, committed 98560K, reserved 1134592K
  class space    used 11011K, capacity 13047K, committed 13056K, reserved 1048576K
}

