# JRE version: Java(TM) SE Runtime Environment (8.0_25-b17) (build 1.8.0_25-b17)
# Java VM: Java HotSpot(TM) 64-Bit Server VM (25.25-b02 mixed mode bsd-amd64 compressed oops)
Heap:
 PSYoungGen      total 58880K, used 41494K [0x00000007b5580000, 0x00000007ba800000, 0x00000007c0000000)
  eden space 36352K, 85% used [0x00000007b5580000,0x00000007b73cece8,0x00000007b7900000)
  from space 22528K, 46% used [0x00000007b9200000,0x00000007b9c36e28,0x00000007ba800000)
  to   space 24064K, 0% used [0x00000007b7900000,0x00000007b7900000,0x00000007b9080000)
 ParOldGen       total 109056K, used 87913K [0x00000007a0000000, 0x00000007a6a80000, 0x00000007b5580000)
  object space 109056K, 80% used [0x00000007a0000000,0x00000007a55da4c0,0x00000007a6a80000)
 Metaspace       used 111239K, capacity 119438K, committed 119680K, reserved 1153024K
  class space    used 13056K, capacity 15650K, committed 15744K, reserved 1048576K
GC Heap History (10 events):
Event: 5402.112 GC heap before
{Heap before GC invocations=203 (full 65):
 PSYoungGen      total 57856K, used 57562K [0x00000007b5580000, 0x00000007baa00000, 0x00000007c0000000)
  eden space 41472K, 100% used [0x00000007b5580000,0x00000007b7e00000,0x00000007b7e00000)
  from space 16384K, 98% used [0x00000007b7f00000,0x00000007b8eb6a10,0x00000007b8f00000)
  to   space 22528K, 0% used [0x00000007b9400000,0x00000007b9400000,0x00000007baa00000)
 ParOldGen       total 109056K, used 77925K [0x00000007a0000000, 0x00000007a6a80000, 0x00000007b5580000)
  object space 109056K, 71% used [0x00000007a0000000,0x00000007a4c196a8,0x00000007a6a80000)
 Metaspace       used 111161K, capacity 119374K, committed 119680K, reserved 1153024K
  class space    used 13055K, capacity 15650K, committed 15744K, reserved 1048576K
Event: 5402.120 GC heap after
Heap after GC invocations=203 (full 65):
 PSYoungGen      total 60928K, used 14410K [0x00000007b5580000, 0x00000007ba800000, 0x00000007c0000000)
  eden space 40448K, 0% used [0x00000007b5580000,0x00000007b5580000,0x00000007b7d00000)
  from space 20480K, 70% used [0x00000007b9400000,0x00000007ba212a20,0x00000007ba800000)
  to   space 22016K, 0% used [0x00000007b7d00000,0x00000007b7d00000,0x00000007b9280000)
 ParOldGen       total 109056K, used 79970K [0x00000007a0000000, 0x00000007a6a80000, 0x00000007b5580000)
  object space 109056K, 73% used [0x00000007a0000000,0x00000007a4e18a00,0x00000007a6a80000)
 Metaspace       used 111161K, capacity 119374K, committed 119680K, reserved 1153024K
  class space    used 13055K, capacity 15650K, committed 15744K, reserved 1048576K
}
Event: 5418.055 GC heap before
{Heap before GC invocations=204 (full 65):
 PSYoungGen      total 60928K, used 54858K [0x00000007b5580000, 0x00000007ba800000, 0x00000007c0000000)
  eden space 40448K, 100% used [0x00000007b5580000,0x00000007b7d00000,0x00000007b7d00000)
  from space 20480K, 70% used [0x00000007b9400000,0x00000007ba212a20,0x00000007ba800000)
  to   space 22016K, 0% used [0x00000007b7d00000,0x00000007b7d00000,0x00000007b9280000)
 ParOldGen       total 109056K, used 79970K [0x00000007a0000000, 0x00000007a6a80000, 0x00000007b5580000)
  object space 109056K, 73% used [0x00000007a0000000,0x00000007a4e18a00,0x00000007a6a80000)
 Metaspace       used 111167K, capacity 119374K, committed 119680K, reserved 1153024K
  class space    used 13055K, capacity 15650K, committed 15744K, reserved 1048576K
Event: 5418.063 GC heap after
Heap after GC invocations=204 (full 65):
 PSYoungGen      total 61440K, used 18446K [0x00000007b5580000, 0x00000007ba900000, 0x00000007c0000000)
  eden space 39424K, 0% used [0x00000007b5580000,0x00000007b5580000,0x00000007b7c00000)
  from space 22016K, 83% used [0x00000007b7d00000,0x00000007b8f03b98,0x00000007b9280000)
  to   space 23040K, 0% used [0x00000007b9280000,0x00000007b9280000,0x00000007ba900000)
 ParOldGen       total 109056K, used 79994K [0x00000007a0000000, 0x00000007a6a80000, 0x00000007b5580000)
  object space 109056K, 73% used [0x00000007a0000000,0x00000007a4e1ea00,0x00000007a6a80000)
 Metaspace       used 111167K, capacity 119374K, committed 119680K, reserved 1153024K
  class space    used 13055K, capacity 15650K, committed 15744K, reserved 1048576K
}
Event: 5429.669 GC heap before
{Heap before GC invocations=205 (full 65):
 PSYoungGen      total 61440K, used 57870K [0x00000007b5580000, 0x00000007ba900000, 0x00000007c0000000)
  eden space 39424K, 100% used [0x00000007b5580000,0x00000007b7c00000,0x00000007b7c00000)
  from space 22016K, 83% used [0x00000007b7d00000,0x00000007b8f03b98,0x00000007b9280000)
  to   space 23040K, 0% used [0x00000007b9280000,0x00000007b9280000,0x00000007ba900000)
 ParOldGen       total 109056K, used 79994K [0x00000007a0000000, 0x00000007a6a80000, 0x00000007b5580000)
  object space 109056K, 73% used [0x00000007a0000000,0x00000007a4e1ea00,0x00000007a6a80000)
 Metaspace       used 111182K, capacity 119374K, committed 119680K, reserved 1153024K
  class space    used 13055K, capacity 15650K, committed 15744K, reserved 1048576K
Event: 5429.676 GC heap after
Heap after GC invocations=205 (full 65):
 PSYoungGen      total 61440K, used 18782K [0x00000007b5580000, 0x00000007baa00000, 0x00000007c0000000)
  eden space 38400K, 0% used [0x00000007b5580000,0x00000007b5580000,0x00000007b7b00000)
  from space 23040K, 81% used [0x00000007b9280000,0x00000007ba4d7b88,0x00000007ba900000)
  to   space 24064K, 0% used [0x00000007b7b00000,0x00000007b7b00000,0x00000007b9280000)
 ParOldGen       total 109056K, used 80034K [0x00000007a0000000, 0x00000007a6a80000, 0x00000007b5580000)
  object space 109056K, 73% used [0x00000007a0000000,0x00000007a4e28a00,0x00000007a6a80000)
 Metaspace       used 111182K, capacity 119374K, committed 119680K, reserved 1153024K
  class space    used 13055K, capacity 15650K, committed 15744K, reserved 1048576K
}
Event: 5440.884 GC heap before
{Heap before GC invocations=206 (full 65):
 PSYoungGen      total 61440K, used 57182K [0x00000007b5580000, 0x00000007baa00000, 0x00000007c0000000)
  eden space 38400K, 100% used [0x00000007b5580000,0x00000007b7b00000,0x00000007b7b00000)
  from space 23040K, 81% used [0x00000007b9280000,0x00000007ba4d7b88,0x00000007ba900000)
  to   space 24064K, 0% used [0x00000007b7b00000,0x00000007b7b00000,0x00000007b9280000)
 ParOldGen       total 109056K, used 80034K [0x00000007a0000000, 0x00000007a6a80000, 0x00000007b5580000)
  object space 109056K, 73% used [0x00000007a0000000,0x00000007a4e28a00,0x00000007a6a80000)
 Metaspace       used 111189K, capacity 119374K, committed 119680K, reserved 1153024K
  class space    used 13055K, capacity 15650K, committed 15744K, reserved 1048576K
Event: 5440.890 GC heap after
Heap after GC invocations=206 (full 65):
 PSYoungGen      total 55808K, used 18228K [0x00000007b5580000, 0x00000007baa00000, 0x00000007c0000000)
  eden space 37376K, 0% used [0x00000007b5580000,0x00000007b5580000,0x00000007b7a00000)
  from space 18432K, 98% used [0x00000007b7b00000,0x00000007b8ccd1c0,0x00000007b8d00000)
  to   space 24576K, 0% used [0x00000007b9200000,0x00000007b9200000,0x00000007baa00000)
 ParOldGen       total 109056K, used 80074K [0x00000007a0000000, 0x00000007a6a80000, 0x00000007b5580000)
  object space 109056K, 73% used [0x00000007a0000000,0x00000007a4e32a00,0x00000007a6a80000)
 Metaspace       used 111189K, capacity 119374K, committed 119680K, reserved 1153024K
  class space    used 13055K, capacity 15650K, committed 15744K, reserved 1048576K
}
Event: 5473.770 GC heap before
{Heap before GC invocations=207 (full 65):
 PSYoungGen      total 55808K, used 55604K [0x00000007b5580000, 0x00000007baa00000, 0x00000007c0000000)
  eden space 37376K, 100% used [0x00000007b5580000,0x00000007b7a00000,0x00000007b7a00000)
  from space 18432K, 98% used [0x00000007b7b00000,0x00000007b8ccd1c0,0x00000007b8d00000)
  to   space 24576K, 0% used [0x00000007b9200000,0x00000007b9200000,0x00000007baa00000)
 ParOldGen       total 109056K, used 80074K [0x00000007a0000000, 0x00000007a6a80000, 0x00000007b5580000)
  object space 109056K, 73% used [0x00000007a0000000,0x00000007a4e32a00,0x00000007a6a80000)
 Metaspace       used 111199K, capacity 119374K, committed 119680K, reserved 1153024K
  class space    used 13056K, capacity 15650K, committed 15744K, reserved 1048576K
Event: 5473.778 GC heap after
Heap after GC invocations=207 (full 65):
 PSYoungGen      total 58880K, used 10459K [0x00000007b5580000, 0x00000007ba800000, 0x00000007c0000000)
  eden space 36352K, 0% used [0x00000007b5580000,0x00000007b5580000,0x00000007b7900000)
  from space 22528K, 46% used [0x00000007b9200000,0x00000007b9c36e28,0x00000007ba800000)
  to   space 24064K, 0% used [0x00000007b7900000,0x00000007b7900000,0x00000007b9080000)
 ParOldGen       total 109056K, used 87913K [0x00000007a0000000, 0x00000007a6a80000, 0x00000007b5580000)
  object space 109056K, 80% used [0x00000007a0000000,0x00000007a55da4c0,0x00000007a6a80000)
 Metaspace       used 111199K, capacity 119374K, committed 119680K, reserved 1153024K
  class space    used 13056K, capacity 15650K, committed 15744K, reserved 1048576K
}

