# JRE version: Java(TM) SE Runtime Environment (8.0_25-b17) (build 1.8.0_25-b17)
# Java VM: Java HotSpot(TM) 64-Bit Server VM (25.25-b02 mixed mode bsd-amd64 compressed oops)
Heap:
 PSYoungGen      total 51712K, used 50190K [0x00000007b5580000, 0x00000007b8e00000, 0x00000007c0000000)
  eden space 48640K, 97% used [0x00000007b5580000,0x00000007b83b6ee0,0x00000007b8500000)
  from space 3072K, 93% used [0x00000007b8600000,0x00000007b88ccab8,0x00000007b8900000)
  to   space 4608K, 0% used [0x00000007b8980000,0x00000007b8980000,0x00000007b8e00000)
 ParOldGen       total 161280K, used 117844K [0x00000007a0000000, 0x00000007a9d80000, 0x00000007b5580000)
  object space 161280K, 73% used [0x00000007a0000000,0x00000007a73152c8,0x00000007a9d80000)
 Metaspace       used 110882K, capacity 119588K, committed 119680K, reserved 1153024K
  class space    used 13030K, capacity 15696K, committed 15744K, reserved 1048576K
GC Heap History (10 events):
Event: 6679.966 GC heap before
{Heap before GC invocations=320 (full 79):
 PSYoungGen      total 57344K, used 56318K [0x00000007b5580000, 0x00000007b9380000, 0x00000007c0000000)
  eden space 54272K, 100% used [0x00000007b5580000,0x00000007b8a80000,0x00000007b8a80000)
  from space 3072K, 66% used [0x00000007b9080000,0x00000007b927f8d8,0x00000007b9380000)
  to   space 4608K, 0% used [0x00000007b8a80000,0x00000007b8a80000,0x00000007b8f00000)
 ParOldGen       total 161280K, used 117740K [0x00000007a0000000, 0x00000007a9d80000, 0x00000007b5580000)
  object space 161280K, 73% used [0x00000007a0000000,0x00000007a72fb2c8,0x00000007a9d80000)
 Metaspace       used 110872K, capacity 119588K, committed 119680K, reserved 1153024K
  class space    used 13028K, capacity 15696K, committed 15744K, reserved 1048576K
Event: 6679.970 GC heap after
Heap after GC invocations=320 (full 79):
 PSYoungGen      total 54784K, used 1816K [0x00000007b5580000, 0x00000007b9200000, 0x00000007c0000000)
  eden space 52736K, 0% used [0x00000007b5580000,0x00000007b5580000,0x00000007b8900000)
  from space 2048K, 88% used [0x00000007b8a80000,0x00000007b8c461d8,0x00000007b8c80000)
  to   space 4608K, 0% used [0x00000007b8d80000,0x00000007b8d80000,0x00000007b9200000)
 ParOldGen       total 161280K, used 117772K [0x00000007a0000000, 0x00000007a9d80000, 0x00000007b5580000)
  object space 161280K, 73% used [0x00000007a0000000,0x00000007a73032c8,0x00000007a9d80000)
 Metaspace       used 110872K, capacity 119588K, committed 119680K, reserved 1153024K
  class space    used 13028K, capacity 15696K, committed 15744K, reserved 1048576K
}
Event: 6681.522 GC heap before
{Heap before GC invocations=321 (full 79):
 PSYoungGen      total 54784K, used 54348K [0x00000007b5580000, 0x00000007b9200000, 0x00000007c0000000)
  eden space 52736K, 99% used [0x00000007b5580000,0x00000007b88ccf28,0x00000007b8900000)
  from space 2048K, 88% used [0x00000007b8a80000,0x00000007b8c461d8,0x00000007b8c80000)
  to   space 4608K, 0% used [0x00000007b8d80000,0x00000007b8d80000,0x00000007b9200000)
 ParOldGen       total 161280K, used 117772K [0x00000007a0000000, 0x00000007a9d80000, 0x00000007b5580000)
  object space 161280K, 73% used [0x00000007a0000000,0x00000007a73032c8,0x00000007a9d80000)
 Metaspace       used 110872K, capacity 119588K, committed 119680K, reserved 1153024K
  class space    used 13028K, capacity 15696K, committed 15744K, reserved 1048576K
Event: 6681.525 GC heap after
Heap after GC invocations=321 (full 79):
 PSYoungGen      total 55296K, used 2785K [0x00000007b5580000, 0x00000007b9100000, 0x00000007c0000000)
  eden space 51712K, 0% used [0x00000007b5580000,0x00000007b5580000,0x00000007b8800000)
  from space 3584K, 77% used [0x00000007b8d80000,0x00000007b9038488,0x00000007b9100000)
  to   space 4608K, 0% used [0x00000007b8800000,0x00000007b8800000,0x00000007b8c80000)
 ParOldGen       total 161280K, used 117772K [0x00000007a0000000, 0x00000007a9d80000, 0x00000007b5580000)
  object space 161280K, 73% used [0x00000007a0000000,0x00000007a73032c8,0x00000007a9d80000)
 Metaspace       used 110872K, capacity 119588K, committed 119680K, reserved 1153024K
  class space    used 13028K, capacity 15696K, committed 15744K, reserved 1048576K
}
Event: 6682.565 GC heap before
{Heap before GC invocations=322 (full 79):
 PSYoungGen      total 55296K, used 54497K [0x00000007b5580000, 0x00000007b9100000, 0x00000007c0000000)
  eden space 51712K, 100% used [0x00000007b5580000,0x00000007b8800000,0x00000007b8800000)
  from space 3584K, 77% used [0x00000007b8d80000,0x00000007b9038488,0x00000007b9100000)
  to   space 4608K, 0% used [0x00000007b8800000,0x00000007b8800000,0x00000007b8c80000)
 ParOldGen       total 161280K, used 117772K [0x00000007a0000000, 0x00000007a9d80000, 0x00000007b5580000)
  object space 161280K, 73% used [0x00000007a0000000,0x00000007a73032c8,0x00000007a9d80000)
 Metaspace       used 110872K, capacity 119588K, committed 119680K, reserved 1153024K
  class space    used 13028K, capacity 15696K, committed 15744K, reserved 1048576K
Event: 6682.568 GC heap after
Heap after GC invocations=322 (full 79):
 PSYoungGen      total 53760K, used 2802K [0x00000007b5580000, 0x00000007b9000000, 0x00000007c0000000)
  eden space 50688K, 0% used [0x00000007b5580000,0x00000007b5580000,0x00000007b8700000)
  from space 3072K, 91% used [0x00000007b8800000,0x00000007b8abc9c0,0x00000007b8b00000)
  to   space 4608K, 0% used [0x00000007b8b80000,0x00000007b8b80000,0x00000007b9000000)
 ParOldGen       total 161280K, used 117772K [0x00000007a0000000, 0x00000007a9d80000, 0x00000007b5580000)
  object space 161280K, 73% used [0x00000007a0000000,0x00000007a73032c8,0x00000007a9d80000)
 Metaspace       used 110872K, capacity 119588K, committed 119680K, reserved 1153024K
  class space    used 13028K, capacity 15696K, committed 15744K, reserved 1048576K
}
Event: 6683.010 GC heap before
{Heap before GC invocations=323 (full 79):
 PSYoungGen      total 53760K, used 53490K [0x00000007b5580000, 0x00000007b9000000, 0x00000007c0000000)
  eden space 50688K, 100% used [0x00000007b5580000,0x00000007b8700000,0x00000007b8700000)
  from space 3072K, 91% used [0x00000007b8800000,0x00000007b8abc9c0,0x00000007b8b00000)
  to   space 4608K, 0% used [0x00000007b8b80000,0x00000007b8b80000,0x00000007b9000000)
 ParOldGen       total 161280K, used 117772K [0x00000007a0000000, 0x00000007a9d80000, 0x00000007b5580000)
  object space 161280K, 73% used [0x00000007a0000000,0x00000007a73032c8,0x00000007a9d80000)
 Metaspace       used 110872K, capacity 119588K, committed 119680K, reserved 1153024K
  class space    used 13028K, capacity 15696K, committed 15744K, reserved 1048576K
Event: 6683.014 GC heap after
Heap after GC invocations=323 (full 79):
 PSYoungGen      total 53248K, used 2828K [0x00000007b5580000, 0x00000007b8f00000, 0x00000007c0000000)
  eden space 49664K, 0% used [0x00000007b5580000,0x00000007b5580000,0x00000007b8600000)
  from space 3584K, 78% used [0x00000007b8b80000,0x00000007b8e43378,0x00000007b8f00000)
  to   space 4608K, 0% used [0x00000007b8600000,0x00000007b8600000,0x00000007b8a80000)
 ParOldGen       total 161280K, used 117788K [0x00000007a0000000, 0x00000007a9d80000, 0x00000007b5580000)
  object space 161280K, 73% used [0x00000007a0000000,0x00000007a73072c8,0x00000007a9d80000)
 Metaspace       used 110872K, capacity 119588K, committed 119680K, reserved 1153024K
  class space    used 13028K, capacity 15696K, committed 15744K, reserved 1048576K
}
Event: 6683.256 GC heap before
{Heap before GC invocations=324 (full 79):
 PSYoungGen      total 53248K, used 52492K [0x00000007b5580000, 0x00000007b8f00000, 0x00000007c0000000)
  eden space 49664K, 100% used [0x00000007b5580000,0x00000007b8600000,0x00000007b8600000)
  from space 3584K, 78% used [0x00000007b8b80000,0x00000007b8e43378,0x00000007b8f00000)
  to   space 4608K, 0% used [0x00000007b8600000,0x00000007b8600000,0x00000007b8a80000)
 ParOldGen       total 161280K, used 117788K [0x00000007a0000000, 0x00000007a9d80000, 0x00000007b5580000)
  object space 161280K, 73% used [0x00000007a0000000,0x00000007a73072c8,0x00000007a9d80000)
 Metaspace       used 110872K, capacity 119588K, committed 119680K, reserved 1153024K
  class space    used 13028K, capacity 15696K, committed 15744K, reserved 1048576K
Event: 6683.260 GC heap after
Heap after GC invocations=324 (full 79):
 PSYoungGen      total 51712K, used 2866K [0x00000007b5580000, 0x00000007b8e00000, 0x00000007c0000000)
  eden space 48640K, 0% used [0x00000007b5580000,0x00000007b5580000,0x00000007b8500000)
  from space 3072K, 93% used [0x00000007b8600000,0x00000007b88ccab8,0x00000007b8900000)
  to   space 4608K, 0% used [0x00000007b8980000,0x00000007b8980000,0x00000007b8e00000)
 ParOldGen       total 161280K, used 117844K [0x00000007a0000000, 0x00000007a9d80000, 0x00000007b5580000)
  object space 161280K, 73% used [0x00000007a0000000,0x00000007a73152c8,0x00000007a9d80000)
 Metaspace       used 110872K, capacity 119588K, committed 119680K, reserved 1153024K
  class space    used 13028K, capacity 15696K, committed 15744K, reserved 1048576K
}

